<?xml version="1.0" encoding="UTF-8"?>
<!-- Generated by org.testng.reporters.JUnitXMLReporter -->
<testsuite hostname="Tanus-MacBook-Pro.local" ignored="0" name="Default test" tests="2" failures="0" timestamp="17 May 2018 10:53:33 GMT" time="5.08" errors="0">
  <testcase name="testCountries" time="2.152" classname="com.hellofresh.web_services.hf_web_services.GetAllCountries"/>
  <testcase name="testIndividualCountry" time="2.911" classname="com.hellofresh.web_services.hf_web_services.GetAllCountries"/>
</testsuite> <!-- Default test -->
