<?xml version="1.0" encoding="UTF-8"?>
<!-- Generated by org.testng.reporters.JUnitXMLReporter -->
<testsuite hostname="Tanus-MacBook-Pro.local" ignored="0" name="Test" tests="3" failures="1" timestamp="18 May 2018 13:55:05 GMT" time="9.321" errors="0">
  <testcase name="testCountries" time="5.374" classname="com.hellofresh.web_services.hf_web_services.GetAllCountries"/>
  <testcase name="testIndividualCountry" time="3.104" classname="com.hellofresh.web_services.hf_web_services.GetAllCountries"/>
  <testcase name="testNewCountryAddition" time="0.827" classname="com.hellofresh.web_services.hf_web_services.GetAllCountries">
    <failure type="com.google.gson.JsonSyntaxException" message="Expected a com.google.gson.JsonObject but was com.google.gson.JsonPrimitive">
      <![CDATA[com.google.gson.JsonSyntaxException: Expected a com.google.gson.JsonObject but was com.google.gson.JsonPrimitive
	at com.google.gson.internal.bind.TypeAdapters$35$1.read(TypeAdapters.java:913)
	at com.google.gson.Gson.fromJson(Gson.java:887)
	at com.google.gson.Gson.fromJson(Gson.java:852)
	at com.google.gson.Gson.fromJson(Gson.java:801)
	at com.google.gson.Gson.fromJson(Gson.java:773)
	at com.hellofresh.web_services.hf_web_services.GetAllCountries.testNewCountryAddition(GetAllCountries.java:109)
... Removed 29 stack frames]]>
    </failure>
  </testcase> <!-- testNewCountryAddition -->
</testsuite> <!-- Test -->
