<?xml version="1.0" encoding="UTF-8"?>
<testng-results skipped="0" failed="1" ignored="0" total="3" passed="2">
  <reporter-output>
  </reporter-output>
  <suite name="Suite" duration-ms="9321" started-at="2018-05-18T13:54:51Z" finished-at="2018-05-18T13:55:00Z">
    <groups>
    </groups>
    <test name="Test" duration-ms="9321" started-at="2018-05-18T13:54:51Z" finished-at="2018-05-18T13:55:00Z">
      <class name="com.hellofresh.web_services.hf_web_services.GetAllCountries">
        <test-method status="PASS" signature="testCountries()[pri:1, instance:com.hellofresh.web_services.hf_web_services.GetAllCountries@4386f16]" name="testCountries" duration-ms="5374" started-at="2018-05-18T19:24:51Z" finished-at="2018-05-18T19:24:56Z">
          <reporter-output>
          </reporter-output>
        </test-method> <!-- testCountries -->
        <test-method status="PASS" signature="testIndividualCountry()[pri:2, instance:com.hellofresh.web_services.hf_web_services.GetAllCountries@4386f16]" name="testIndividualCountry" duration-ms="3104" started-at="2018-05-18T19:24:56Z" finished-at="2018-05-18T19:24:59Z">
          <reporter-output>
          </reporter-output>
        </test-method> <!-- testIndividualCountry -->
        <test-method status="FAIL" signature="testNewCountryAddition()[pri:3, instance:com.hellofresh.web_services.hf_web_services.GetAllCountries@4386f16]" name="testNewCountryAddition" duration-ms="827" started-at="2018-05-18T19:24:59Z" finished-at="2018-05-18T19:25:00Z">
          <exception class="com.google.gson.JsonSyntaxException">
            <message>
              <![CDATA[Expected a com.google.gson.JsonObject but was com.google.gson.JsonPrimitive]]>
            </message>
            <full-stacktrace>
              <![CDATA[com.google.gson.JsonSyntaxException: Expected a com.google.gson.JsonObject but was com.google.gson.JsonPrimitive
	at com.google.gson.internal.bind.TypeAdapters$35$1.read(TypeAdapters.java:913)
	at com.google.gson.Gson.fromJson(Gson.java:887)
	at com.google.gson.Gson.fromJson(Gson.java:852)
	at com.google.gson.Gson.fromJson(Gson.java:801)
	at com.google.gson.Gson.fromJson(Gson.java:773)
	at com.hellofresh.web_services.hf_web_services.GetAllCountries.testNewCountryAddition(GetAllCountries.java:109)
	at sun.reflect.NativeMethodAccessorImpl.invoke0(Native Method)
	at sun.reflect.NativeMethodAccessorImpl.invoke(NativeMethodAccessorImpl.java:62)
	at sun.reflect.DelegatingMethodAccessorImpl.invoke(DelegatingMethodAccessorImpl.java:43)
	at java.lang.reflect.Method.invoke(Method.java:498)
	at org.testng.internal.MethodInvocationHelper.invokeMethod(MethodInvocationHelper.java:104)
	at org.testng.internal.Invoker.invokeMethod(Invoker.java:645)
	at org.testng.internal.Invoker.invokeTestMethod(Invoker.java:851)
	at org.testng.internal.Invoker.invokeTestMethods(Invoker.java:1177)
	at org.testng.internal.TestMethodWorker.invokeTestMethods(TestMethodWorker.java:129)
	at org.testng.internal.TestMethodWorker.run(TestMethodWorker.java:112)
	at org.testng.TestRunner.privateRun(TestRunner.java:756)
	at org.testng.TestRunner.run(TestRunner.java:610)
	at org.testng.SuiteRunner.runTest(SuiteRunner.java:387)
	at org.testng.SuiteRunner.runSequentially(SuiteRunner.java:382)
	at org.testng.SuiteRunner.privateRun(SuiteRunner.java:340)
	at org.testng.SuiteRunner.run(SuiteRunner.java:289)
	at org.testng.SuiteRunnerWorker.runSuite(SuiteRunnerWorker.java:52)
	at org.testng.SuiteRunnerWorker.run(SuiteRunnerWorker.java:86)
	at org.testng.TestNG.runSuitesSequentially(TestNG.java:1293)
	at org.testng.TestNG.runSuitesLocally(TestNG.java:1218)
	at org.testng.TestNG.runSuites(TestNG.java:1133)
	at org.testng.TestNG.run(TestNG.java:1104)
	at org.apache.maven.surefire.testng.TestNGExecutor.run(TestNGExecutor.java:283)
	at org.apache.maven.surefire.testng.TestNGXmlTestSuite.execute(TestNGXmlTestSuite.java:75)
	at org.apache.maven.surefire.testng.TestNGProvider.invoke(TestNGProvider.java:120)
	at org.apache.maven.surefire.booter.ForkedBooter.invokeProviderInSameClassLoader(ForkedBooter.java:373)
	at org.apache.maven.surefire.booter.ForkedBooter.runSuitesInProcess(ForkedBooter.java:334)
	at org.apache.maven.surefire.booter.ForkedBooter.execute(ForkedBooter.java:119)
	at org.apache.maven.surefire.booter.ForkedBooter.main(ForkedBooter.java:407)
]]>
            </full-stacktrace>
          </exception> <!-- com.google.gson.JsonSyntaxException -->
          <reporter-output>
          </reporter-output>
        </test-method> <!-- testNewCountryAddition -->
      </class> <!-- com.hellofresh.web_services.hf_web_services.GetAllCountries -->
    </test> <!-- Test -->
  </suite> <!-- Suite -->
</testng-results>
