<?xml version="1.0" encoding="UTF-8"?>
<testsuite xmlns:xsi="http://www.w3.org/2001/XMLSchema-instance" xsi:noNamespaceSchemaLocation="https://maven.apache.org/surefire/maven-surefire-plugin/xsd/surefire-test-report.xsd" name="TestSuite" time="21.754" tests="3" errors="0" skipped="0" failures="1">
  <properties>
[...]
</properties>
  <testcase name="testCountries" classname="com.hellofresh.web_services.hf_web_services.GetAllCountries" time="1.592"/>
  <testcase name="testIndividualCountry" classname="com.hellofresh.web_services.hf_web_services.GetAllCountries" time="3.146"/>
  <testcase name="testNewCountryAddition" classname="com.hellofresh.web_services.hf_web_services.GetAllCountries" time="1.111">
    <failure message="Expected a com.google.gson.JsonObject but was com.google.gson.JsonPrimitive" type="com.google.gson.JsonSyntaxException">com.google.gson.JsonSyntaxException: Expected a com.google.gson.JsonObject but was com.google.gson.JsonPrimitive
	at com.hellofresh.web_services.hf_web_services.GetAllCountries.testNewCountryAddition(GetAllCountries.java:111)
</failure>
    <system-out><![CDATA[URL is HttpResponseProxy{HTTP/1.1 200 200 [Date: Fri, 18 May 2018 14:08:09 GMT, Server: Apache/2.4.25 (Debian), X-Content-Type-Options: nosniff, X-XSS-Protection: 1; mode=block, Cache-Control: no-cache, no-store, max-age=0, must-revalidate, Pragma: no-cache, Expires: 0, X-Frame-Options: DENY, Set-Cookie: JSESSIONID=CCBD218746E661C910F4A52EE94E5F42; Path=/; HttpOnly, Content-Language: en-US, Vary: Accept-Encoding, Keep-Alive: timeout=5, max=100, Content-Type: text/html;charset=UTF-8, Accept-Ranges: none, Via: HTTP/1.1 sophos.http.proxy:3128, Connection: keep-alive] org.apache.http.client.entity.DecompressingEntity@2d901eb0}
<!DOCTYPE html><html lang="en"><head><meta charset="UTF-8"><title>Java web development tutorials</title><meta charset="utf-8"><meta http-equiv="X-UA-Compatible" content="IE=edge"><meta name="viewport" content="width=device-width, initial-scale=1"><meta name="description" content=""><meta http-equiv="Content-Type" content="text/html; charset=UTF-8"/><meta name="author" content=""><meta name="description" content="Materials for for Java, JEE,J2EE developers"/><meta name="keywords" content="J2EE, JEE, Java, Java tutorials"/><script type='text/javascript' src='/js/jquery.min.js'></script><script type='text/javascript' src='/js/bootstrap.min.js'></script><script type='text/javascript' src='/js/common-app.js'></script><link rel="canonical" href=""/><link rel='next' href='/page/2/'/><link rel='stylesheet' href='/css/app.css' type='text/css' media='all'/><link rel='stylesheet' href='/css/bootstrap.min.css' type='text/css' media='all'/><link rel='stylesheet' href='/css/common-style.css' type='text/css' media='all'/><link rel="apple-touch-icon" sizes="57x57" href="/images/icons/apple-touch-icon-57x57.png"><link rel="apple-touch-icon" sizes="60x60" href="/images/icons/apple-touch-icon-60x60.png"><link rel="apple-touch-icon" sizes="72x72" href="/images/icons/apple-touch-icon-72x72.png"><link rel="apple-touch-icon" sizes="76x76" href="/images/icons/apple-touch-icon-76x76.png"><link rel="apple-touch-icon" sizes="114x114" href="/images/icons/apple-touch-icon-114x114.png"><link rel="apple-touch-icon" sizes="120x120" href="/images/icons/apple-touch-icon-120x120.png"><link rel="apple-touch-icon" sizes="144x144" href="/images/icons/apple-touch-icon-144x144.png"><link rel="apple-touch-icon" sizes="152x152" href="/images/icons/apple-touch-icon-152x152.png"><link rel="apple-touch-icon" sizes="180x180" href="/images/icons/apple-touch-icon-180x180.png"><link rel="icon" type="image/png" href="/images/icons/favicon-32x32.png" sizes="32x32"><link rel="icon" type="image/png" href="/images/icons/android-chrome-192x192.png" sizes="192x192"><link rel="icon" type="image/png" href="/images/icons/favicon-96x96.png" sizes="96x96"><link rel="icon" type="image/png" href="/images/icons/favicon-16x16.png" sizes="16x16"><link rel="manifest" href="/images/icons/manifest.json"><link rel="mask-icon" href="/images/icons/safari-pinned-tab.svg" color="#5bbad5"><link rel="shortcut icon" href="/images/icons/favicon.ico"><meta name="msapplication-TileColor" content="#da532c"><meta name="msapplication-TileImage" content="/images/icons/mstile-144x144.png"><meta name="msapplication-config" content="/images/icons/browserconfig.xml"><meta name="theme-color" content="#ffffff"></head><body><div class="container-fluid"><header role="navigation"><script type="text/javascript">var ctxPath = '';</script><script async src="//pagead2.googlesyndication.com/pagead/js/adsbygoogle.js"></script><nav class="navbar navbar-inverse navbar-fixed-top" role="navigation"><div class="container" style="width: 100%"><div class="navbar-header"><button type="button" class="navbar-toggle" data-toggle="collapse" data-target="#navbar-collapse-1"><span class="sr-only">Toggle navigation</span><span class="icon-bar"></span><span class="icon-bar"></span><span class="icon-bar"></span></button><a href="/home.htm" class="navbar-brand"><img height="37px" width="42px" src="/images/logo.png"></a><div id="smallScreenSearch" class="visible-xs-block"><form class="navbar-form navbar-right" role="search" id="cse-search-box-form-id" action="/search.htm"><div class="input-group" style="width: 300px"><input type="text" class="form-control" placeholder="" id="cse-search-input-box-id" name="q" id="search" autocomplete="off"><div class="input-group-btn"><button class="btn btn-default" type="button" onclick="return search();"><i class="glyphicon glyphicon-search"></i></button></div></div></form></div></div><div class="collapse navbar-collapse" id="navbar-collapse-1"><ul class="nav navbar-nav"><li class="menu-item "><a href="/home.htm">Home <span class="sr-only">(current)</span></a></li><li class="menu-item "><a href="/services/home.htm">Web Services</a></li></ul><ul class="nav navbar-nav navbar-right"></ul><div class="hidden-xs"><form class="navbar-form navbar-right" role="search" id="cse-search-box-form-id" action="/search.htm"><div class="input-group" style="width: 300px"><input type="text" class="form-control" placeholder="" id="cse-search-input-box-id" name="q" id="search" autocomplete="off"><div class="input-group-btn"><button class="btn btn-default" type="button" onclick="return search();"><i class="glyphicon glyphicon-search"></i></button></div></div></form></div></div></div></nav></header><div class="row"><div class="col-md-9"> 404 </div><div class="col-md-3"></div></div><hr><div class="row" align="center"><div class="col-xs-12"><footer><p>&copy; Copyright 2018</p></footer></div></div><script async src="https://www.googletagmanager.com/gtag/js?id=UA-52632020-1"></script><script>
  window.dataLayer = window.dataLayer || [];
  function gtag(){dataLayer.push(arguments)};
  gtag('js', new Date());

  gtag('config', 'UA-52632020-1');
</script><script>
 $(document).ready(function() {
	 $.ajax({
		  url: "/app/access.htm",
		  cache: false,
		  context: document.body
		});
	 });
 </script></div></body></html>
]]></system-out>
  </testcase>
</testsuite>